<?xml version="1.0" encoding="UTF-8"?>
<!-- Generated by org.testng.reporters.JUnitReportReporter -->
<testsuite skipped="0" hostname="Mounika-PC" name="com.hrm.user.User1" tests="1" failures="0" timestamp="2019-09-10T11:21:40 IST" time="16.155" errors="0">
  <testcase name="verifySearchButton" time="16.155" classname="com.hrm.user.User1"/>
</testsuite> <!-- com.hrm.user.User1 -->
